{"/Users/suraj/Desktop/Suraj/Suraj/Tutorials/Testing_JavaScript_Applications/Cart.js": {"path":"/Users/suraj/Desktop/Suraj/Suraj/Tutorials/Testing_JavaScript_Applications/Cart.js","statementMap":{"0":{"start":{"line":1,"column":15},"end":{"line":1,"column":40}},"1":{"start":{"line":4,"column":19},"end":{"line":4,"column":61}},"2":{"start":{"line":4,"column":31},"end":{"line":4,"column":61}},"3":{"start":{"line":7,"column":18},"end":{"line":9,"column":1}},"4":{"start":{"line":8,"column":2},"end":{"line":8,"column":53}},"5":{"start":{"line":11,"column":0},"end":{"line":14,"column":2}}},"fnMap":{"0":{"name":"(anonymous_0)","decl":{"start":{"line":4,"column":19},"end":{"line":4,"column":20}},"loc":{"start":{"line":4,"column":31},"end":{"line":4,"column":61}},"line":4},"1":{"name":"(anonymous_1)","decl":{"start":{"line":7,"column":18},"end":{"line":7,"column":19}},"loc":{"start":{"line":7,"column":40},"end":{"line":9,"column":1}},"line":7}},"branchMap":{},"s":{"0":1,"1":1,"2":2,"3":1,"4":1,"5":1},"f":{"0":2,"1":1},"b":{},"_coverageSchema":"1a1c01bbd47fc00a2c39e90264f33305004495a9","hash":"0174b2ced8fde4a27bcdf6d5e93cd3e209a8eb42"}
,"/Users/suraj/Desktop/Suraj/Suraj/Tutorials/Testing_JavaScript_Applications/dbConnection.js": {"path":"/Users/suraj/Desktop/Suraj/Suraj/Tutorials/Testing_JavaScript_Applications/dbConnection.js","statementMap":{"0":{"start":{"line":2,"column":11},"end":{"line":2,"column":61}},"1":{"start":{"line":5,"column":24},"end":{"line":5,"column":42}},"2":{"start":{"line":5,"column":30},"end":{"line":5,"column":42}},"3":{"start":{"line":7,"column":0},"end":{"line":10,"column":1}}},"fnMap":{"0":{"name":"(anonymous_0)","decl":{"start":{"line":5,"column":24},"end":{"line":5,"column":25}},"loc":{"start":{"line":5,"column":30},"end":{"line":5,"column":42}},"line":5}},"branchMap":{},"s":{"0":1,"1":1,"2":1,"3":1},"f":{"0":1},"b":{},"_coverageSchema":"1a1c01bbd47fc00a2c39e90264f33305004495a9","hash":"90c0038c70498272a5dcfc8e06435996af162a76"}
,"/Users/suraj/Desktop/Suraj/Suraj/Tutorials/Testing_JavaScript_Applications/inventoryController.js": {"path":"/Users/suraj/Desktop/Suraj/Suraj/Tutorials/Testing_JavaScript_Applications/inventoryController.js","statementMap":{"0":{"start":{"line":1,"column":28},"end":{"line":1,"column":47}},"1":{"start":{"line":3,"column":18},"end":{"line":3,"column":27}},"2":{"start":{"line":5,"column":21},"end":{"line":13,"column":1}},"3":{"start":{"line":6,"column":25},"end":{"line":6,"column":56}},"4":{"start":{"line":7,"column":21},"end":{"line":9,"column":10}},"5":{"start":{"line":8,"column":8},"end":{"line":8,"column":47}},"6":{"start":{"line":11,"column":4},"end":{"line":11,"column":57}},"7":{"start":{"line":12,"column":4},"end":{"line":12,"column":50}},"8":{"start":{"line":15,"column":23},"end":{"line":25,"column":1}},"9":{"start":{"line":16,"column":4},"end":{"line":19,"column":5}},"10":{"start":{"line":17,"column":8},"end":{"line":17,"column":64}},"11":{"start":{"line":18,"column":8},"end":{"line":18,"column":52}},"12":{"start":{"line":20,"column":28},"end":{"line":20,"column":52}},"13":{"start":{"line":21,"column":24},"end":{"line":21,"column":50}},"14":{"start":{"line":22,"column":4},"end":{"line":22,"column":37}},"15":{"start":{"line":23,"column":4},"end":{"line":23,"column":121}},"16":{"start":{"line":24,"column":4},"end":{"line":24,"column":23}},"17":{"start":{"line":27,"column":0},"end":{"line":31,"column":1}}},"fnMap":{"0":{"name":"(anonymous_0)","decl":{"start":{"line":5,"column":21},"end":{"line":5,"column":22}},"loc":{"start":{"line":5,"column":27},"end":{"line":13,"column":1}},"line":5},"1":{"name":"(anonymous_1)","decl":{"start":{"line":7,"column":41},"end":{"line":7,"column":42}},"loc":{"start":{"line":7,"column":73},"end":{"line":9,"column":5}},"line":7},"2":{"name":"(anonymous_2)","decl":{"start":{"line":15,"column":23},"end":{"line":15,"column":24}},"loc":{"start":{"line":15,"column":43},"end":{"line":25,"column":1}},"line":15}},"branchMap":{"0":{"loc":{"start":{"line":16,"column":4},"end":{"line":19,"column":5}},"type":"if","locations":[{"start":{"line":16,"column":4},"end":{"line":19,"column":5}},{"start":{},"end":{}}],"line":16},"1":{"loc":{"start":{"line":20,"column":28},"end":{"line":20,"column":52}},"type":"binary-expr","locations":[{"start":{"line":20,"column":28},"end":{"line":20,"column":47}},{"start":{"line":20,"column":51},"end":{"line":20,"column":52}}],"line":20}},"s":{"0":2,"1":2,"2":2,"3":4,"4":4,"5":5,"6":4,"7":4,"8":2,"9":3,"10":1,"11":1,"12":2,"13":2,"14":2,"15":2,"16":2,"17":2},"f":{"0":4,"1":5,"2":3},"b":{"0":[1,2],"1":[2,2]},"_coverageSchema":"1a1c01bbd47fc00a2c39e90264f33305004495a9","hash":"c384f76c6e2ea54fdf6088cc233b9c9221544cb2"}
,"/Users/suraj/Desktop/Suraj/Suraj/Tutorials/Testing_JavaScript_Applications/knexfile.js": {"path":"/Users/suraj/Desktop/Suraj/Suraj/Tutorials/Testing_JavaScript_Applications/knexfile.js","statementMap":{"0":{"start":{"line":1,"column":0},"end":{"line":7,"column":1}}},"fnMap":{},"branchMap":{},"s":{"0":1},"f":{},"b":{},"_coverageSchema":"1a1c01bbd47fc00a2c39e90264f33305004495a9","hash":"3a4ee601ee5a4e79d77a712d72da94cec48de42a"}
,"/Users/suraj/Desktop/Suraj/Suraj/Tutorials/Testing_JavaScript_Applications/logger.js": {"path":"/Users/suraj/Desktop/Suraj/Suraj/Tutorials/Testing_JavaScript_Applications/logger.js","statementMap":{"0":{"start":{"line":1,"column":13},"end":{"line":1,"column":28}},"1":{"start":{"line":3,"column":21},"end":{"line":3,"column":27}},"2":{"start":{"line":5,"column":15},"end":{"line":8,"column":1}},"3":{"start":{"line":10,"column":0},"end":{"line":10,"column":24}}},"fnMap":{},"branchMap":{},"s":{"0":1,"1":1,"2":1,"3":1},"f":{},"b":{},"_coverageSchema":"1a1c01bbd47fc00a2c39e90264f33305004495a9","hash":"cb39f807acf071b5bb32a9792c4cd79b177c11f5"}
,"/Users/suraj/Desktop/Suraj/Suraj/Tutorials/Testing_JavaScript_Applications/server.js": {"path":"/Users/suraj/Desktop/Suraj/Suraj/Tutorials/Testing_JavaScript_Applications/server.js","statementMap":{"0":{"start":{"line":1,"column":12},"end":{"line":1,"column":26}},"1":{"start":{"line":2,"column":15},"end":{"line":2,"column":36}},"2":{"start":{"line":3,"column":25},"end":{"line":3,"column":57}},"3":{"start":{"line":5,"column":12},"end":{"line":5,"column":21}},"4":{"start":{"line":6,"column":15},"end":{"line":6,"column":27}},"5":{"start":{"line":7,"column":14},"end":{"line":7,"column":23}},"6":{"start":{"line":8,"column":18},"end":{"line":8,"column":27}},"7":{"start":{"line":10,"column":0},"end":{"line":13,"column":3}},"8":{"start":{"line":11,"column":15},"end":{"line":11,"column":45}},"9":{"start":{"line":12,"column":2},"end":{"line":12,"column":48}},"10":{"start":{"line":15,"column":0},"end":{"line":25,"column":3}},"11":{"start":{"line":16,"column":29},"end":{"line":16,"column":39}},"12":{"start":{"line":17,"column":2},"end":{"line":20,"column":3}},"13":{"start":{"line":18,"column":4},"end":{"line":18,"column":21}},"14":{"start":{"line":19,"column":4},"end":{"line":19,"column":11}},"15":{"start":{"line":21,"column":2},"end":{"line":21,"column":47}},"16":{"start":{"line":22,"column":19},"end":{"line":22,"column":59}},"17":{"start":{"line":23,"column":2},"end":{"line":23,"column":32}},"18":{"start":{"line":24,"column":2},"end":{"line":24,"column":22}},"19":{"start":{"line":27,"column":0},"end":{"line":30,"column":3}},"20":{"start":{"line":28,"column":2},"end":{"line":28,"column":22}},"21":{"start":{"line":29,"column":2},"end":{"line":29,"column":27}},"22":{"start":{"line":32,"column":0},"end":{"line":32,"column":25}},"23":{"start":{"line":34,"column":0},"end":{"line":38,"column":2}}},"fnMap":{"0":{"name":"(anonymous_0)","decl":{"start":{"line":10,"column":37},"end":{"line":10,"column":38}},"loc":{"start":{"line":10,"column":44},"end":{"line":13,"column":1}},"line":10},"1":{"name":"(anonymous_1)","decl":{"start":{"line":15,"column":44},"end":{"line":15,"column":45}},"loc":{"start":{"line":15,"column":51},"end":{"line":25,"column":1}},"line":15},"2":{"name":"(anonymous_2)","decl":{"start":{"line":27,"column":25},"end":{"line":27,"column":26}},"loc":{"start":{"line":27,"column":32},"end":{"line":30,"column":1}},"line":27}},"branchMap":{"0":{"loc":{"start":{"line":12,"column":2},"end":{"line":12,"column":47}},"type":"cond-expr","locations":[{"start":{"line":12,"column":10},"end":{"line":12,"column":25}},{"start":{"line":12,"column":30},"end":{"line":12,"column":46}}],"line":12},"1":{"loc":{"start":{"line":17,"column":2},"end":{"line":20,"column":3}},"type":"if","locations":[{"start":{"line":17,"column":2},"end":{"line":20,"column":3}},{"start":{},"end":{}}],"line":17},"2":{"loc":{"start":{"line":22,"column":20},"end":{"line":22,"column":45}},"type":"binary-expr","locations":[{"start":{"line":22,"column":20},"end":{"line":22,"column":39}},{"start":{"line":22,"column":43},"end":{"line":22,"column":45}}],"line":22}},"s":{"0":1,"1":1,"2":1,"3":1,"4":1,"5":1,"6":1,"7":1,"8":0,"9":0,"10":1,"11":4,"12":4,"13":1,"14":1,"15":3,"16":3,"17":3,"18":3,"19":1,"20":1,"21":1,"22":1,"23":1},"f":{"0":0,"1":4,"2":1},"b":{"0":[0,0],"1":[1,3],"2":[3,3]},"_coverageSchema":"1a1c01bbd47fc00a2c39e90264f33305004495a9","hash":"0a8c06692432ed919627459cc39c4b0851346470"}
}
