TN:
SF:Cart.js
FN:4,(anonymous_0)
FN:7,(anonymous_1)
FNF:2
FNH:2
FNDA:2,(anonymous_0)
FNDA:1,(anonymous_1)
DA:1,1
DA:4,2
DA:7,1
DA:8,1
DA:11,1
LF:5
LH:5
BRF:0
BRH:0
end_of_record
TN:
SF:dbConnection.js
FN:5,(anonymous_0)
FNF:1
FNH:1
FNDA:1,(anonymous_0)
DA:2,1
DA:5,1
DA:7,1
LF:3
LH:3
BRF:0
BRH:0
end_of_record
TN:
SF:inventoryController.js
FN:5,(anonymous_0)
FN:7,(anonymous_1)
FN:15,(anonymous_2)
FNF:3
FNH:3
FNDA:4,(anonymous_0)
FNDA:5,(anonymous_1)
FNDA:3,(anonymous_2)
DA:1,2
DA:3,2
DA:5,2
DA:6,4
DA:7,4
DA:8,5
DA:11,4
DA:12,4
DA:15,2
DA:16,3
DA:17,1
DA:18,1
DA:20,2
DA:21,2
DA:22,2
DA:23,2
DA:24,2
DA:27,2
LF:18
LH:18
BRDA:16,0,0,1
BRDA:16,0,1,2
BRDA:20,1,0,2
BRDA:20,1,1,2
BRF:4
BRH:4
end_of_record
TN:
SF:knexfile.js
FNF:0
FNH:0
DA:1,1
LF:1
LH:1
BRF:0
BRH:0
end_of_record
TN:
SF:logger.js
FNF:0
FNH:0
DA:1,1
DA:3,1
DA:5,1
DA:10,1
LF:4
LH:4
BRF:0
BRH:0
end_of_record
TN:
SF:server.js
FN:10,(anonymous_0)
FN:15,(anonymous_1)
FN:27,(anonymous_2)
FNF:3
FNH:2
FNDA:0,(anonymous_0)
FNDA:4,(anonymous_1)
FNDA:1,(anonymous_2)
DA:1,1
DA:2,1
DA:3,1
DA:5,1
DA:6,1
DA:7,1
DA:8,1
DA:10,1
DA:11,0
DA:12,0
DA:15,1
DA:16,4
DA:17,4
DA:18,1
DA:19,1
DA:21,3
DA:22,3
DA:23,3
DA:24,3
DA:27,1
DA:28,1
DA:29,1
DA:32,1
DA:34,1
LF:24
LH:22
BRDA:12,0,0,0
BRDA:12,0,1,0
BRDA:17,1,0,1
BRDA:17,1,1,3
BRDA:22,2,0,3
BRDA:22,2,1,3
BRF:6
BRH:4
end_of_record
